2026-01-30 19:51:13.700 [main] INFO  c.cdac.food.FoodServiceApplication - Starting FoodServiceApplication using Java 21.0.9 with PID 20016 (F:\Cdac-Project\backend\food-service\target\classes started by HP in F:\Cdac-Project\backend\food-service)
2026-01-30 19:51:13.704 [main] DEBUG c.cdac.food.FoodServiceApplication - Running with Spring Boot v4.0.0, Spring v7.0.1
2026-01-30 19:51:13.707 [main] INFO  c.cdac.food.FoodServiceApplication - No active profile set, falling back to 1 default profile: "default"
2026-01-30 19:51:15.265 [main] INFO  o.s.d.r.c.RepositoryConfigurationDelegate - Bootstrapping Spring Data JPA repositories in DEFAULT mode.
2026-01-30 19:51:15.500 [main] INFO  o.s.d.r.c.RepositoryConfigurationDelegate - Finished Spring Data repository scanning in 220 ms. Found 6 JPA repository interfaces.
2026-01-30 19:51:15.959 [main] INFO  o.s.cloud.context.scope.GenericScope - BeanFactory id=64b626b8-1bf1-3e7d-977e-4319a73852c1
2026-01-30 19:51:16.383 [main] INFO  o.s.boot.tomcat.TomcatWebServer - Tomcat initialized with port 8086 (http)
2026-01-30 19:51:16.395 [main] INFO  o.a.catalina.core.StandardService - Starting service [Tomcat]
2026-01-30 19:51:16.396 [main] INFO  o.a.catalina.core.StandardEngine - Starting Servlet engine: [Apache Tomcat/11.0.14]
2026-01-30 19:51:16.466 [main] INFO  o.s.b.w.c.s.WebApplicationContextInitializer - Root WebApplicationContext: initialization completed in 2692 ms
2026-01-30 19:51:16.812 [main] INFO  com.zaxxer.hikari.HikariDataSource - HikariPool-1 - Starting...
2026-01-30 19:51:17.389 [main] INFO  com.zaxxer.hikari.pool.HikariPool - HikariPool-1 - Added connection com.mysql.cj.jdbc.ConnectionImpl@3acc3ee
2026-01-30 19:51:17.394 [main] INFO  com.zaxxer.hikari.HikariDataSource - HikariPool-1 - Start completed.
2026-01-30 19:51:17.509 [main] INFO  o.h.jpa.internal.util.LogHelper - HHH000204: Processing PersistenceUnitInfo [name: default]
2026-01-30 19:51:17.582 [main] INFO  org.hibernate.Version - HHH000412: Hibernate ORM core version 7.1.8.Final
2026-01-30 19:51:18.459 [main] INFO  o.s.o.j.p.SpringPersistenceUnitInfo - No LoadTimeWeaver setup: ignoring JPA class transformer
2026-01-30 19:51:18.628 [main] WARN  org.hibernate.orm.deprecation - HHH90000025: MySQLDialect does not need to be specified explicitly using 'hibernate.dialect' (remove the property setting and it will be selected by default)
2026-01-30 19:51:18.651 [main] INFO  o.hibernate.orm.connections.pooling - HHH10001005: Database info:
	Database JDBC URL [jdbc:mysql://localhost:3306/food_db]
	Database driver: MySQL Connector/J
	Database dialect: MySQLDialect
	Database version: 8.4.6
	Default catalog/schema: food_db/undefined
	Autocommit mode: undefined/unknown
	Isolation level: REPEATABLE_READ [default REPEATABLE_READ]
	JDBC fetch size: none
	Pool: DatasourceConnectionProviderImpl
	Minimum pool size: undefined/unknown
	Maximum pool size: undefined/unknown
2026-01-30 19:51:20.471 [main] INFO  o.h.e.t.j.p.i.JtaPlatformInitiator - HHH000489: No JTA platform available (set 'hibernate.transaction.jta.platform' to enable JTA platform integration)
2026-01-30 19:51:24.468 [main] INFO  o.s.o.j.LocalContainerEntityManagerFactoryBean - Initialized JPA EntityManagerFactory for persistence unit 'default'
2026-01-30 19:51:24.614 [main] INFO  o.s.d.j.r.q.QueryEnhancerFactories - Hibernate is in classpath; If applicable, HQL parser will be used.
2026-01-30 19:51:24.848 [main] WARN  o.s.b.w.s.s.c.AnnotationConfigServletWebServerApplicationContext - Exception encountered during context initialization - cancelling refresh attempt: org.springframework.beans.factory.UnsatisfiedDependencyException: Error creating bean with name 'categoryController' defined in file [F:\Cdac-Project\backend\food-service\target\classes\com\cdac\food\controller\CategoryController.class]: Unsatisfied dependency expressed through constructor parameter 0: Error creating bean with name 'categoryService' defined in file [F:\Cdac-Project\backend\food-service\target\classes\com\cdac\food\service\CategoryService.class]: Unsatisfied dependency expressed through constructor parameter 1: No qualifying bean of type 'com.cdac.food.service.AuthServiceClient' available: expected at least 1 bean which qualifies as autowire candidate. Dependency annotations: {}
2026-01-30 19:51:24.848 [main] INFO  o.s.o.j.LocalContainerEntityManagerFactoryBean - Closing JPA EntityManagerFactory for persistence unit 'default'
2026-01-30 19:51:24.853 [main] INFO  com.zaxxer.hikari.HikariDataSource - HikariPool-1 - Shutdown initiated...
2026-01-30 19:51:24.868 [main] INFO  com.zaxxer.hikari.HikariDataSource - HikariPool-1 - Shutdown completed.
2026-01-30 19:51:24.871 [main] INFO  o.a.catalina.core.StandardService - Stopping service [Tomcat]
2026-01-30 19:51:24.898 [main] INFO  o.s.b.a.l.ConditionEvaluationReportLogger - 

Error starting ApplicationContext. To display the condition evaluation report re-run your application with 'debug' enabled.
2026-01-30 19:51:25.000 [main] ERROR o.s.b.d.LoggingFailureAnalysisReporter - 

***************************
APPLICATION FAILED TO START
***************************

Description:

Parameter 1 of constructor in com.cdac.food.service.CategoryService required a bean of type 'com.cdac.food.service.AuthServiceClient' that could not be found.


Action:

Consider defining a bean of type 'com.cdac.food.service.AuthServiceClient' in your configuration.

2026-01-30 20:06:03.797 [main] INFO  c.cdac.food.FoodServiceApplication - Starting FoodServiceApplication using Java 21.0.9 with PID 7904 (F:\Cdac-Project\backend\food-service\target\classes started by HP in F:\Cdac-Project\backend\food-service)
2026-01-30 20:06:03.886 [main] DEBUG c.cdac.food.FoodServiceApplication - Running with Spring Boot v4.0.0, Spring v7.0.1
2026-01-30 20:06:03.888 [main] INFO  c.cdac.food.FoodServiceApplication - No active profile set, falling back to 1 default profile: "default"
2026-01-30 20:06:06.917 [main] INFO  o.s.d.r.c.RepositoryConfigurationDelegate - Bootstrapping Spring Data JPA repositories in DEFAULT mode.
2026-01-30 20:06:07.468 [main] INFO  o.s.d.r.c.RepositoryConfigurationDelegate - Finished Spring Data repository scanning in 529 ms. Found 6 JPA repository interfaces.
2026-01-30 20:06:08.882 [main] INFO  o.s.cloud.context.scope.GenericScope - BeanFactory id=64b626b8-1bf1-3e7d-977e-4319a73852c1
2026-01-30 20:06:09.699 [main] INFO  o.s.boot.tomcat.TomcatWebServer - Tomcat initialized with port 8086 (http)
2026-01-30 20:06:09.730 [main] INFO  o.a.catalina.core.StandardService - Starting service [Tomcat]
2026-01-30 20:06:09.730 [main] INFO  o.a.catalina.core.StandardEngine - Starting Servlet engine: [Apache Tomcat/11.0.14]
2026-01-30 20:06:09.862 [main] INFO  o.s.b.w.c.s.WebApplicationContextInitializer - Root WebApplicationContext: initialization completed in 5853 ms
2026-01-30 20:06:10.516 [main] INFO  com.zaxxer.hikari.HikariDataSource - HikariPool-1 - Starting...
2026-01-30 20:06:11.697 [main] INFO  com.zaxxer.hikari.pool.HikariPool - HikariPool-1 - Added connection com.mysql.cj.jdbc.ConnectionImpl@5f781173
2026-01-30 20:06:11.702 [main] INFO  com.zaxxer.hikari.HikariDataSource - HikariPool-1 - Start completed.
2026-01-30 20:06:11.949 [main] INFO  o.h.jpa.internal.util.LogHelper - HHH000204: Processing PersistenceUnitInfo [name: default]
2026-01-30 20:06:12.124 [main] INFO  org.hibernate.Version - HHH000412: Hibernate ORM core version 7.1.8.Final
2026-01-30 20:06:14.477 [main] INFO  o.s.o.j.p.SpringPersistenceUnitInfo - No LoadTimeWeaver setup: ignoring JPA class transformer
2026-01-30 20:06:14.716 [main] WARN  org.hibernate.orm.deprecation - HHH90000025: MySQLDialect does not need to be specified explicitly using 'hibernate.dialect' (remove the property setting and it will be selected by default)
2026-01-30 20:06:14.742 [main] INFO  o.hibernate.orm.connections.pooling - HHH10001005: Database info:
	Database JDBC URL [jdbc:mysql://localhost:3306/food_db]
	Database driver: MySQL Connector/J
	Database dialect: MySQLDialect
	Database version: 8.4.6
	Default catalog/schema: food_db/undefined
	Autocommit mode: undefined/unknown
	Isolation level: REPEATABLE_READ [default REPEATABLE_READ]
	JDBC fetch size: none
	Pool: DatasourceConnectionProviderImpl
	Minimum pool size: undefined/unknown
	Maximum pool size: undefined/unknown
2026-01-30 20:06:17.352 [main] INFO  o.h.e.t.j.p.i.JtaPlatformInitiator - HHH000489: No JTA platform available (set 'hibernate.transaction.jta.platform' to enable JTA platform integration)
2026-01-30 20:06:22.156 [main] INFO  o.s.o.j.LocalContainerEntityManagerFactoryBean - Initialized JPA EntityManagerFactory for persistence unit 'default'
2026-01-30 20:06:22.382 [main] INFO  o.s.d.j.r.q.QueryEnhancerFactories - Hibernate is in classpath; If applicable, HQL parser will be used.
2026-01-30 20:06:22.765 [main] WARN  o.s.b.w.s.s.c.AnnotationConfigServletWebServerApplicationContext - Exception encountered during context initialization - cancelling refresh attempt: org.springframework.beans.factory.UnsatisfiedDependencyException: Error creating bean with name 'categoryController' defined in file [F:\Cdac-Project\backend\food-service\target\classes\com\cdac\food\controller\CategoryController.class]: Unsatisfied dependency expressed through constructor parameter 0: Error creating bean with name 'categoryService' defined in file [F:\Cdac-Project\backend\food-service\target\classes\com\cdac\food\service\CategoryService.class]: Unsatisfied dependency expressed through constructor parameter 1: No qualifying bean of type 'com.cdac.food.service.AuthServiceClient' available: expected at least 1 bean which qualifies as autowire candidate. Dependency annotations: {}
2026-01-30 20:06:22.767 [main] INFO  o.s.o.j.LocalContainerEntityManagerFactoryBean - Closing JPA EntityManagerFactory for persistence unit 'default'
2026-01-30 20:06:22.772 [main] INFO  com.zaxxer.hikari.HikariDataSource - HikariPool-1 - Shutdown initiated...
2026-01-30 20:06:22.784 [main] INFO  com.zaxxer.hikari.HikariDataSource - HikariPool-1 - Shutdown completed.
2026-01-30 20:06:22.787 [main] INFO  o.a.catalina.core.StandardService - Stopping service [Tomcat]
2026-01-30 20:06:22.810 [main] INFO  o.s.b.a.l.ConditionEvaluationReportLogger - 

Error starting ApplicationContext. To display the condition evaluation report re-run your application with 'debug' enabled.
2026-01-30 20:06:22.848 [main] ERROR o.s.b.d.LoggingFailureAnalysisReporter - 

***************************
APPLICATION FAILED TO START
***************************

Description:

Parameter 1 of constructor in com.cdac.food.service.CategoryService required a bean of type 'com.cdac.food.service.AuthServiceClient' that could not be found.


Action:

Consider defining a bean of type 'com.cdac.food.service.AuthServiceClient' in your configuration.

2026-01-30 20:06:52.105 [main] INFO  c.cdac.food.FoodServiceApplication - Starting FoodServiceApplication using Java 21.0.9 with PID 8452 (F:\Cdac-Project\backend\food-service\target\classes started by HP in F:\Cdac-Project\backend\food-service)
2026-01-30 20:06:52.124 [main] DEBUG c.cdac.food.FoodServiceApplication - Running with Spring Boot v4.0.0, Spring v7.0.1
2026-01-30 20:06:52.126 [main] INFO  c.cdac.food.FoodServiceApplication - No active profile set, falling back to 1 default profile: "default"
2026-01-30 20:06:54.879 [main] INFO  o.s.d.r.c.RepositoryConfigurationDelegate - Bootstrapping Spring Data JPA repositories in DEFAULT mode.
2026-01-30 20:06:55.322 [main] INFO  o.s.d.r.c.RepositoryConfigurationDelegate - Finished Spring Data repository scanning in 422 ms. Found 6 JPA repository interfaces.
2026-01-30 20:06:56.187 [main] INFO  o.s.cloud.context.scope.GenericScope - BeanFactory id=64b626b8-1bf1-3e7d-977e-4319a73852c1
2026-01-30 20:06:56.887 [main] INFO  o.s.boot.tomcat.TomcatWebServer - Tomcat initialized with port 8086 (http)
2026-01-30 20:06:56.905 [main] INFO  o.a.catalina.core.StandardService - Starting service [Tomcat]
2026-01-30 20:06:56.905 [main] INFO  o.a.catalina.core.StandardEngine - Starting Servlet engine: [Apache Tomcat/11.0.14]
2026-01-30 20:06:57.000 [main] INFO  o.s.b.w.c.s.WebApplicationContextInitializer - Root WebApplicationContext: initialization completed in 4776 ms
2026-01-30 20:06:57.303 [main] INFO  com.zaxxer.hikari.HikariDataSource - HikariPool-1 - Starting...
2026-01-30 20:06:58.085 [main] INFO  com.zaxxer.hikari.pool.HikariPool - HikariPool-1 - Added connection com.mysql.cj.jdbc.ConnectionImpl@2b3242a5
2026-01-30 20:06:58.089 [main] INFO  com.zaxxer.hikari.HikariDataSource - HikariPool-1 - Start completed.
2026-01-30 20:06:58.280 [main] INFO  o.h.jpa.internal.util.LogHelper - HHH000204: Processing PersistenceUnitInfo [name: default]
2026-01-30 20:06:58.424 [main] INFO  org.hibernate.Version - HHH000412: Hibernate ORM core version 7.1.8.Final
2026-01-30 20:06:59.339 [main] INFO  o.s.o.j.p.SpringPersistenceUnitInfo - No LoadTimeWeaver setup: ignoring JPA class transformer
2026-01-30 20:06:59.467 [main] WARN  org.hibernate.orm.deprecation - HHH90000025: MySQLDialect does not need to be specified explicitly using 'hibernate.dialect' (remove the property setting and it will be selected by default)
2026-01-30 20:06:59.484 [main] INFO  o.hibernate.orm.connections.pooling - HHH10001005: Database info:
	Database JDBC URL [jdbc:mysql://localhost:3306/food_db]
	Database driver: MySQL Connector/J
	Database dialect: MySQLDialect
	Database version: 8.4.6
	Default catalog/schema: food_db/undefined
	Autocommit mode: undefined/unknown
	Isolation level: REPEATABLE_READ [default REPEATABLE_READ]
	JDBC fetch size: none
	Pool: DatasourceConnectionProviderImpl
	Minimum pool size: undefined/unknown
	Maximum pool size: undefined/unknown
2026-01-30 20:07:00.794 [main] INFO  o.h.e.t.j.p.i.JtaPlatformInitiator - HHH000489: No JTA platform available (set 'hibernate.transaction.jta.platform' to enable JTA platform integration)
2026-01-30 20:07:01.902 [main] INFO  o.s.o.j.LocalContainerEntityManagerFactoryBean - Initialized JPA EntityManagerFactory for persistence unit 'default'
2026-01-30 20:07:01.994 [main] INFO  o.s.d.j.r.q.QueryEnhancerFactories - Hibernate is in classpath; If applicable, HQL parser will be used.
2026-01-30 20:07:02.168 [main] WARN  o.s.b.w.s.s.c.AnnotationConfigServletWebServerApplicationContext - Exception encountered during context initialization - cancelling refresh attempt: org.springframework.beans.factory.UnsatisfiedDependencyException: Error creating bean with name 'categoryController' defined in file [F:\Cdac-Project\backend\food-service\target\classes\com\cdac\food\controller\CategoryController.class]: Unsatisfied dependency expressed through constructor parameter 0: Error creating bean with name 'categoryService' defined in file [F:\Cdac-Project\backend\food-service\target\classes\com\cdac\food\service\CategoryService.class]: Unsatisfied dependency expressed through constructor parameter 1: No qualifying bean of type 'com.cdac.food.service.AuthServiceClient' available: expected at least 1 bean which qualifies as autowire candidate. Dependency annotations: {}
2026-01-30 20:07:02.169 [main] INFO  o.s.o.j.LocalContainerEntityManagerFactoryBean - Closing JPA EntityManagerFactory for persistence unit 'default'
2026-01-30 20:07:02.173 [main] INFO  com.zaxxer.hikari.HikariDataSource - HikariPool-1 - Shutdown initiated...
2026-01-30 20:07:02.185 [main] INFO  com.zaxxer.hikari.HikariDataSource - HikariPool-1 - Shutdown completed.
2026-01-30 20:07:02.188 [main] INFO  o.a.catalina.core.StandardService - Stopping service [Tomcat]
2026-01-30 20:07:02.205 [main] INFO  o.s.b.a.l.ConditionEvaluationReportLogger - 

Error starting ApplicationContext. To display the condition evaluation report re-run your application with 'debug' enabled.
2026-01-30 20:07:02.234 [main] ERROR o.s.b.d.LoggingFailureAnalysisReporter - 

***************************
APPLICATION FAILED TO START
***************************

Description:

Parameter 1 of constructor in com.cdac.food.service.CategoryService required a bean of type 'com.cdac.food.service.AuthServiceClient' that could not be found.


Action:

Consider defining a bean of type 'com.cdac.food.service.AuthServiceClient' in your configuration.

2026-01-30 20:11:18.687 [main] INFO  c.cdac.food.FoodServiceApplication - Starting FoodServiceApplication using Java 21.0.9 with PID 22952 (F:\Cdac-Project\backend\food-service\target\classes started by HP in F:\Cdac-Project\backend\food-service)
2026-01-30 20:11:18.757 [main] INFO  c.cdac.food.FoodServiceApplication - The following 1 profile is active: "prod"
2026-01-30 20:11:22.262 [main] INFO  o.s.d.r.c.RepositoryConfigurationDelegate - Bootstrapping Spring Data JPA repositories in DEFAULT mode.
2026-01-30 20:11:22.664 [main] INFO  o.s.d.r.c.RepositoryConfigurationDelegate - Finished Spring Data repository scanning in 366 ms. Found 6 JPA repository interfaces.
2026-01-30 20:11:23.477 [main] INFO  o.s.cloud.context.scope.GenericScope - BeanFactory id=60bf61b8-63ba-378d-89d1-03b502b29e1a
2026-01-30 20:11:24.287 [main] INFO  o.s.boot.tomcat.TomcatWebServer - Tomcat initialized with port 8086 (http)
2026-01-30 20:11:24.308 [main] INFO  o.a.catalina.core.StandardService - Starting service [Tomcat]
2026-01-30 20:11:24.309 [main] INFO  o.a.catalina.core.StandardEngine - Starting Servlet engine: [Apache Tomcat/11.0.14]
2026-01-30 20:11:24.425 [main] INFO  o.s.b.w.c.s.WebApplicationContextInitializer - Root WebApplicationContext: initialization completed in 5488 ms
2026-01-30 20:11:24.919 [main] INFO  com.zaxxer.hikari.HikariDataSource - HikariPool-1 - Starting...
2026-01-30 20:11:25.974 [main] INFO  com.zaxxer.hikari.pool.HikariPool - HikariPool-1 - Added connection com.mysql.cj.jdbc.ConnectionImpl@74a1d60e
2026-01-30 20:11:25.979 [main] INFO  com.zaxxer.hikari.HikariDataSource - HikariPool-1 - Start completed.
2026-01-30 20:11:26.205 [main] INFO  o.h.jpa.internal.util.LogHelper - HHH000204: Processing PersistenceUnitInfo [name: default]
2026-01-30 20:11:26.335 [main] INFO  org.hibernate.Version - HHH000412: Hibernate ORM core version 7.1.8.Final
2026-01-30 20:11:27.611 [main] INFO  o.s.o.j.p.SpringPersistenceUnitInfo - No LoadTimeWeaver setup: ignoring JPA class transformer
2026-01-30 20:11:27.810 [main] WARN  org.hibernate.orm.deprecation - HHH90000025: MySQLDialect does not need to be specified explicitly using 'hibernate.dialect' (remove the property setting and it will be selected by default)
2026-01-30 20:11:27.851 [main] INFO  o.hibernate.orm.connections.pooling - HHH10001005: Database info:
	Database JDBC URL [jdbc:mysql://localhost:3306/food_db]
	Database driver: MySQL Connector/J
	Database dialect: MySQLDialect
	Database version: 8.4.6
	Default catalog/schema: food_db/undefined
	Autocommit mode: undefined/unknown
	Isolation level: REPEATABLE_READ [default REPEATABLE_READ]
	JDBC fetch size: none
	Pool: DatasourceConnectionProviderImpl
	Minimum pool size: undefined/unknown
	Maximum pool size: undefined/unknown
2026-01-30 20:11:28.636 [main] WARN  o.s.b.w.s.s.c.AnnotationConfigServletWebServerApplicationContext - Exception encountered during context initialization - cancelling refresh attempt: org.springframework.beans.factory.BeanCreationException: Error creating bean with name 'entityManagerFactory' defined in class path resource [org/springframework/boot/hibernate/autoconfigure/HibernateJpaConfiguration.class]: null
2026-01-30 20:11:28.636 [main] INFO  com.zaxxer.hikari.HikariDataSource - HikariPool-1 - Shutdown initiated...
2026-01-30 20:11:28.763 [main] INFO  com.zaxxer.hikari.HikariDataSource - HikariPool-1 - Shutdown completed.
2026-01-30 20:12:23.260 [main] INFO  c.cdac.food.FoodServiceApplication - Starting FoodServiceApplication using Java 21.0.9 with PID 24172 (F:\Cdac-Project\backend\food-service\target\classes started by HP in F:\Cdac-Project\backend\food-service)
2026-01-30 20:12:23.297 [main] INFO  c.cdac.food.FoodServiceApplication - The following 1 profile is active: "prod"
2026-01-30 20:12:24.992 [main] INFO  o.s.d.r.c.RepositoryConfigurationDelegate - Bootstrapping Spring Data JPA repositories in DEFAULT mode.
2026-01-30 20:12:25.190 [main] INFO  o.s.d.r.c.RepositoryConfigurationDelegate - Finished Spring Data repository scanning in 187 ms. Found 6 JPA repository interfaces.
2026-01-30 20:12:25.586 [main] INFO  o.s.cloud.context.scope.GenericScope - BeanFactory id=60bf61b8-63ba-378d-89d1-03b502b29e1a
2026-01-30 20:12:26.058 [main] INFO  o.s.boot.tomcat.TomcatWebServer - Tomcat initialized with port 8086 (http)
2026-01-30 20:12:26.076 [main] INFO  o.a.catalina.core.StandardService - Starting service [Tomcat]
2026-01-30 20:12:26.077 [main] INFO  o.a.catalina.core.StandardEngine - Starting Servlet engine: [Apache Tomcat/11.0.14]
2026-01-30 20:12:26.153 [main] INFO  o.s.b.w.c.s.WebApplicationContextInitializer - Root WebApplicationContext: initialization completed in 2782 ms
2026-01-30 20:12:26.441 [main] INFO  com.zaxxer.hikari.HikariDataSource - HikariPool-1 - Starting...
2026-01-30 20:12:26.868 [main] INFO  com.zaxxer.hikari.pool.HikariPool - HikariPool-1 - Added connection com.mysql.cj.jdbc.ConnectionImpl@999cd18
2026-01-30 20:12:26.870 [main] INFO  com.zaxxer.hikari.HikariDataSource - HikariPool-1 - Start completed.
2026-01-30 20:12:26.946 [main] INFO  o.h.jpa.internal.util.LogHelper - HHH000204: Processing PersistenceUnitInfo [name: default]
2026-01-30 20:12:27.034 [main] INFO  org.hibernate.Version - HHH000412: Hibernate ORM core version 7.1.8.Final
2026-01-30 20:12:27.730 [main] INFO  o.s.o.j.p.SpringPersistenceUnitInfo - No LoadTimeWeaver setup: ignoring JPA class transformer
2026-01-30 20:12:27.836 [main] WARN  org.hibernate.orm.deprecation - HHH90000025: MySQLDialect does not need to be specified explicitly using 'hibernate.dialect' (remove the property setting and it will be selected by default)
2026-01-30 20:12:27.857 [main] INFO  o.hibernate.orm.connections.pooling - HHH10001005: Database info:
	Database JDBC URL [jdbc:mysql://localhost:3306/food_db]
	Database driver: MySQL Connector/J
	Database dialect: MySQLDialect
	Database version: 8.4.6
	Default catalog/schema: food_db/undefined
	Autocommit mode: undefined/unknown
	Isolation level: REPEATABLE_READ [default REPEATABLE_READ]
	JDBC fetch size: none
	Pool: DatasourceConnectionProviderImpl
	Minimum pool size: undefined/unknown
	Maximum pool size: undefined/unknown
2026-01-30 20:12:29.192 [main] INFO  o.h.e.t.j.p.i.JtaPlatformInitiator - HHH000489: No JTA platform available (set 'hibernate.transaction.jta.platform' to enable JTA platform integration)
2026-01-30 20:12:31.950 [main] INFO  o.s.o.j.LocalContainerEntityManagerFactoryBean - Initialized JPA EntityManagerFactory for persistence unit 'default'
2026-01-30 20:12:32.066 [main] INFO  o.s.d.j.r.q.QueryEnhancerFactories - Hibernate is in classpath; If applicable, HQL parser will be used.
2026-01-30 20:12:32.288 [main] INFO  c.c.food.config.RestTemplateConfig - Configuring RestTemplate for inter-service communication
2026-01-30 20:12:34.249 [main] WARN  o.s.b.j.a.JpaBaseConfiguration$JpaWebConfiguration - spring.jpa.open-in-view is enabled by default. Therefore, database queries may be performed during view rendering. Explicitly configure spring.jpa.open-in-view to disable this warning
2026-01-30 20:12:35.406 [main] INFO  o.s.c.n.e.c.DiscoveryClientOptionalArgsConfiguration - Eureka HTTP Client uses RestClient.
2026-01-30 20:12:35.443 [main] WARN  o.s.c.l.c.LoadBalancerCacheAutoConfiguration$LoadBalancerCaffeineWarnLogger - Spring Cloud LoadBalancer is currently working with the default cache. While this cache implementation is useful for development and tests, it's recommended to use Caffeine cache in production.You can switch to using Caffeine cache, by adding it and org.springframework.cache.caffeine.CaffeineCacheManager to the classpath.
2026-01-30 20:12:35.452 [main] INFO  o.s.b.a.e.web.EndpointLinksResolver - Exposing 1 endpoint beneath base path '/actuator'
2026-01-30 20:12:35.571 [main] INFO  o.s.c.n.eureka.InstanceInfoFactory - Setting initial instance status as: STARTING
2026-01-30 20:12:35.599 [main] INFO  c.netflix.discovery.DiscoveryClient - Initializing Eureka in region us-east-1
2026-01-30 20:12:35.602 [main] INFO  c.n.d.s.r.aws.ConfigClusterResolver - Resolving eureka endpoints via configuration
2026-01-30 20:12:35.613 [main] INFO  c.netflix.discovery.DiscoveryClient - Disable delta property : false
2026-01-30 20:12:35.614 [main] INFO  c.netflix.discovery.DiscoveryClient - Single vip registry refresh property : null
2026-01-30 20:12:35.614 [main] INFO  c.netflix.discovery.DiscoveryClient - Force full registry fetch : false
2026-01-30 20:12:35.614 [main] INFO  c.netflix.discovery.DiscoveryClient - Application is null : false
2026-01-30 20:12:35.614 [main] INFO  c.netflix.discovery.DiscoveryClient - Registered Applications size is zero : true
2026-01-30 20:12:35.614 [main] INFO  c.netflix.discovery.DiscoveryClient - Application version is -1: true
2026-01-30 20:12:35.614 [main] INFO  c.netflix.discovery.DiscoveryClient - Getting all instance registry info from the eureka server
2026-01-30 20:12:36.010 [main] INFO  c.netflix.discovery.DiscoveryClient - The response status is 200
2026-01-30 20:12:36.013 [main] INFO  c.netflix.discovery.DiscoveryClient - Starting heartbeat executor: renew interval is: 30
2026-01-30 20:12:36.014 [main] INFO  c.n.discovery.InstanceInfoReplicator - InstanceInfoReplicator onDemand update allowed rate per min is 4
2026-01-30 20:12:36.016 [main] INFO  c.netflix.discovery.DiscoveryClient - Discovery Client initialized at timestamp 1769784156016 with initial instances count: 2
2026-01-30 20:12:36.021 [main] INFO  o.s.c.n.e.s.EurekaServiceRegistry - Registering application FOOD-SERVICE with eureka with status UP
2026-01-30 20:12:36.021 [main] INFO  c.netflix.discovery.DiscoveryClient - Saw local status change event StatusChangeEvent [timestamp=1769784156021, current=UP, previous=STARTING]
2026-01-30 20:12:36.023 [DiscoveryClient-InstanceInfoReplicator-%d] INFO  c.netflix.discovery.DiscoveryClient - DiscoveryClient_FOOD-SERVICE/host.docker.internal:food-service:8086: registering service...
2026-01-30 20:12:36.049 [main] INFO  o.s.boot.tomcat.TomcatWebServer - Tomcat started on port 8086 (http) with context path '/'
2026-01-30 20:12:36.050 [main] INFO  o.s.c.n.e.s.EurekaAutoServiceRegistration - Updating port to 8086
2026-01-30 20:12:36.080 [DiscoveryClient-InstanceInfoReplicator-%d] INFO  c.netflix.discovery.DiscoveryClient - DiscoveryClient_FOOD-SERVICE/host.docker.internal:food-service:8086 - registration status: 204
2026-01-30 20:12:36.083 [main] INFO  c.cdac.food.FoodServiceApplication - Started FoodServiceApplication in 13.521 seconds (process running for 14.729)
2026-01-30 20:12:36.095 [main] INFO  c.cdac.food.FoodServiceApplication - Food Service started successfully on port 8086
2026-01-30 20:12:36.459 [RMI TCP Connection(4)-127.0.0.1] INFO  o.a.c.c.C.[Tomcat].[localhost].[/] - Initializing Spring DispatcherServlet 'dispatcherServlet'
2026-01-30 20:12:36.460 [RMI TCP Connection(4)-127.0.0.1] INFO  o.s.web.servlet.DispatcherServlet - Initializing Servlet 'dispatcherServlet'
2026-01-30 20:12:36.463 [RMI TCP Connection(4)-127.0.0.1] INFO  o.s.web.servlet.DispatcherServlet - Completed initialization in 3 ms
2026-01-30 20:17:35.635 [AsyncResolver-bootstrap-executor-%d] INFO  c.n.d.s.r.aws.ConfigClusterResolver - Resolving eureka endpoints via configuration
2026-01-30 20:18:44.973 [RMI TCP Connection(12)-127.0.0.1] INFO  o.s.b.a.SpringApplicationAdminMXBeanRegistrar$SpringApplicationAdmin - Application shutdown requested.
2026-01-30 20:18:45.027 [RMI TCP Connection(12)-127.0.0.1] INFO  o.s.c.n.e.s.EurekaServiceRegistry - Unregistering application FOOD-SERVICE with eureka with status DOWN
2026-01-30 20:18:45.028 [RMI TCP Connection(12)-127.0.0.1] INFO  c.netflix.discovery.DiscoveryClient - Saw local status change event StatusChangeEvent [timestamp=1769784525028, current=DOWN, previous=UP]
2026-01-30 20:18:45.028 [DiscoveryClient-InstanceInfoReplicator-%d] INFO  c.netflix.discovery.DiscoveryClient - DiscoveryClient_FOOD-SERVICE/host.docker.internal:food-service:8086: registering service...
2026-01-30 20:18:45.070 [DiscoveryClient-InstanceInfoReplicator-%d] INFO  c.netflix.discovery.DiscoveryClient - DiscoveryClient_FOOD-SERVICE/host.docker.internal:food-service:8086 - registration status: 204
2026-01-30 20:18:45.224 [RMI TCP Connection(12)-127.0.0.1] INFO  o.s.boot.tomcat.GracefulShutdown - Commencing graceful shutdown. Waiting for active requests to complete
2026-01-30 20:18:45.257 [RMI TCP Connection(13)-127.0.0.1] INFO  o.s.b.a.SpringApplicationAdminMXBeanRegistrar$SpringApplicationAdmin - Application shutdown requested.
2026-01-30 20:18:45.290 [tomcat-shutdown] INFO  o.s.boot.tomcat.GracefulShutdown - Graceful shutdown aborted with one or more requests still active
2026-01-30 20:18:45.383 [RMI TCP Connection(14)-127.0.0.1] INFO  o.s.b.a.SpringApplicationAdminMXBeanRegistrar$SpringApplicationAdmin - Application shutdown requested.
2026-01-30 20:18:45.277 [RMI TCP Connection(12)-127.0.0.1] WARN  org.apache.tomcat.util.net.Acceptor - Interrupt was received while waiting for the acceptor thread [http-nio-8086-Acceptor] to stop
java.lang.InterruptedException: null
	at java.base/java.util.concurrent.locks.AbstractQueuedSynchronizer.tryAcquireSharedNanos(AbstractQueuedSynchronizer.java:1167)
	at java.base/java.util.concurrent.CountDownLatch.await(CountDownLatch.java:276)
	at org.apache.tomcat.util.net.Acceptor.stopMillis(Acceptor.java:169)
	at org.apache.tomcat.util.net.NioEndpoint.stopInternal(NioEndpoint.java:327)
	at org.apache.tomcat.util.net.AbstractEndpoint.stop(AbstractEndpoint.java:1723)
	at org.apache.coyote.AbstractProtocol.stop(AbstractProtocol.java:721)
	at org.apache.catalina.connector.Connector.stopInternal(Connector.java:1124)
	at org.apache.catalina.util.LifecycleBase.stop(LifecycleBase.java:235)
	at org.apache.catalina.core.StandardService.removeConnector(StandardService.java:297)
	at org.springframework.boot.tomcat.TomcatWebServer.lambda$removeServiceConnectors$0(TomcatWebServer.java:176)
	at org.springframework.boot.tomcat.TomcatWebServer.doWithConnectors(TomcatWebServer.java:195)
	at org.springframework.boot.tomcat.TomcatWebServer.removeServiceConnectors(TomcatWebServer.java:173)
	at org.springframework.boot.tomcat.TomcatWebServer.stop(TomcatWebServer.java:355)
	at org.springframework.boot.web.server.servlet.context.WebServerStartStopLifecycle.stop(WebServerStartStopLifecycle.java:53)
	at org.springframework.context.SmartLifecycle.stop(SmartLifecycle.java:143)
	at org.springframework.context.support.DefaultLifecycleProcessor.doStop(DefaultLifecycleProcessor.java:480)
	at org.springframework.context.support.DefaultLifecycleProcessor$LifecycleGroup.stop(DefaultLifecycleProcessor.java:645)
	at java.base/java.lang.Iterable.forEach(Iterable.java:75)
	at org.springframework.context.support.DefaultLifecycleProcessor.stopBeans(DefaultLifecycleProcessor.java:448)
	at org.springframework.context.support.DefaultLifecycleProcessor.onClose(DefaultLifecycleProcessor.java:337)
	at org.springframework.context.support.AbstractApplicationContext.doClose(AbstractApplicationContext.java:1168)
	at org.springframework.boot.web.server.servlet.context.ServletWebServerApplicationContext.doClose(ServletWebServerApplicationContext.java:176)
	at org.springframework.context.support.AbstractApplicationContext.close(AbstractApplicationContext.java:1122)
	at org.springframework.boot.admin.SpringApplicationAdminMXBeanRegistrar$SpringApplicationAdmin.shutdown(SpringApplicationAdminMXBeanRegistrar.java:151)
	at java.base/jdk.internal.reflect.DirectMethodHandleAccessor.invoke(DirectMethodHandleAccessor.java:103)
	at java.base/java.lang.reflect.Method.invoke(Method.java:580)
	at sun.reflect.misc.Trampoline.invoke(MethodUtil.java:64)
	at java.base/jdk.internal.reflect.DirectMethodHandleAccessor.invoke(DirectMethodHandleAccessor.java:103)
	at java.base/java.lang.reflect.Method.invoke(Method.java:580)
	at java.base/sun.reflect.misc.MethodUtil.invoke(MethodUtil.java:97)
	at java.management/com.sun.jmx.mbeanserver.ConvertingMethod.invokeWithOpenReturn(ConvertingMethod.java:193)
	at java.management/com.sun.jmx.mbeanserver.ConvertingMethod.invokeWithOpenReturn(ConvertingMethod.java:175)
	at java.management/com.sun.jmx.mbeanserver.MXBeanIntrospector.invokeM2(MXBeanIntrospector.java:115)
	at java.management/com.sun.jmx.mbeanserver.MXBeanIntrospector.invokeM2(MXBeanIntrospector.java:52)
	at java.management/com.sun.jmx.mbeanserver.MBeanIntrospector.invokeM(MBeanIntrospector.java:236)
	at java.management/com.sun.jmx.mbeanserver.PerInterface.invoke(PerInterface.java:138)
	at java.management/com.sun.jmx.mbeanserver.MBeanSupport.invoke(MBeanSupport.java:252)
	at java.management/com.sun.jmx.interceptor.DefaultMBeanServerInterceptor.invoke(DefaultMBeanServerInterceptor.java:803)
	at java.management/com.sun.jmx.mbeanserver.JmxMBeanServer.invoke(JmxMBeanServer.java:802)
	at java.management.rmi/javax.management.remote.rmi.RMIConnectionImpl.doOperation(RMIConnectionImpl.java:1472)
	at java.management.rmi/javax.management.remote.rmi.RMIConnectionImpl$PrivilegedOperation.run(RMIConnectionImpl.java:1310)
	at java.management.rmi/javax.management.remote.rmi.RMIConnectionImpl.doPrivilegedOperation(RMIConnectionImpl.java:1405)
	at java.management.rmi/javax.management.remote.rmi.RMIConnectionImpl.invoke(RMIConnectionImpl.java:829)
	at java.base/jdk.internal.reflect.DirectMethodHandleAccessor.invoke(DirectMethodHandleAccessor.java:103)
	at java.base/java.lang.reflect.Method.invoke(Method.java:580)
	at java.rmi/sun.rmi.server.UnicastServerRef.dispatch(UnicastServerRef.java:360)
	at java.rmi/sun.rmi.transport.Transport$1.run(Transport.java:200)
	at java.rmi/sun.rmi.transport.Transport$1.run(Transport.java:197)
	at java.base/java.security.AccessController.doPrivileged(AccessController.java:714)
	at java.rmi/sun.rmi.transport.Transport.serviceCall(Transport.java:196)
	at java.rmi/sun.rmi.transport.tcp.TCPTransport.handleMessages(TCPTransport.java:598)
	at java.rmi/sun.rmi.transport.tcp.TCPTransport$ConnectionHandler.run0(TCPTransport.java:844)
	at java.rmi/sun.rmi.transport.tcp.TCPTransport$ConnectionHandler.lambda$run$0(TCPTransport.java:721)
	at java.base/java.security.AccessController.doPrivileged(AccessController.java:400)
	at java.rmi/sun.rmi.transport.tcp.TCPTransport$ConnectionHandler.run(TCPTransport.java:720)
	at java.base/java.util.concurrent.ThreadPoolExecutor.runWorker(ThreadPoolExecutor.java:1144)
	at java.base/java.util.concurrent.ThreadPoolExecutor$Worker.run(ThreadPoolExecutor.java:642)
	at java.base/java.lang.Thread.run(Thread.java:1583)
2026-01-30 20:18:45.468 [RMI TCP Connection(12)-127.0.0.1] INFO  o.s.o.j.LocalContainerEntityManagerFactoryBean - Closing JPA EntityManagerFactory for persistence unit 'default'
2026-01-30 20:18:45.539 [RMI TCP Connection(12)-127.0.0.1] INFO  com.zaxxer.hikari.HikariDataSource - HikariPool-1 - Shutdown initiated...
